2020-06-06 15:16:05,670 - ERROR - start save:{}
2020-06-06 15:16:29,069 - INFO - start save:{}
2020-06-06 15:49:13,353 - WARNING - Retrying (Retry(total=2, connect=None, read=None, redirect=None, status=None)) after connection broken by 'SSLError(SSLError("bad handshake: Error([('SSL routines', 'tls_process_server_certificate', 'certificate verify failed')])"))': /chromium-browser-snapshots/Win_x64/588429/chrome-win32.zip
2020-06-06 15:49:13,407 - WARNING - Retrying (Retry(total=1, connect=None, read=None, redirect=None, status=None)) after connection broken by 'SSLError(SSLError("bad handshake: Error([('SSL routines', 'tls_process_server_certificate', 'certificate verify failed')])"))': /chromium-browser-snapshots/Win_x64/588429/chrome-win32.zip
2020-06-06 15:49:13,460 - WARNING - Retrying (Retry(total=0, connect=None, read=None, redirect=None, status=None)) after connection broken by 'SSLError(SSLError("bad handshake: Error([('SSL routines', 'tls_process_server_certificate', 'certificate verify failed')])"))': /chromium-browser-snapshots/Win_x64/588429/chrome-win32.zip
2020-06-06 16:21:00,754 - WARNING - Retrying (Retry(total=2, connect=None, read=None, redirect=None, status=None)) after connection broken by 'SSLError(SSLError("bad handshake: Error([('SSL routines', 'tls_process_server_certificate', 'certificate verify failed')])"))': /chromium-browser-snapshots/Win_x64/588429/chrome-win32.zip
2020-06-06 16:21:00,804 - WARNING - Retrying (Retry(total=1, connect=None, read=None, redirect=None, status=None)) after connection broken by 'SSLError(SSLError("bad handshake: Error([('SSL routines', 'tls_process_server_certificate', 'certificate verify failed')])"))': /chromium-browser-snapshots/Win_x64/588429/chrome-win32.zip
2020-06-06 16:21:00,850 - WARNING - Retrying (Retry(total=0, connect=None, read=None, redirect=None, status=None)) after connection broken by 'SSLError(SSLError("bad handshake: Error([('SSL routines', 'tls_process_server_certificate', 'certificate verify failed')])"))': /chromium-browser-snapshots/Win_x64/588429/chrome-win32.zip
2020-06-06 16:21:59,592 - WARNING - Retrying (Retry(total=2, connect=None, read=None, redirect=None, status=None)) after connection broken by 'SSLError(SSLError("bad handshake: Error([('SSL routines', 'tls_process_server_certificate', 'certificate verify failed')])"))': /chromium-browser-snapshots/Win_x64/588429/chrome-win32.zip
2020-06-06 16:21:59,645 - WARNING - Retrying (Retry(total=1, connect=None, read=None, redirect=None, status=None)) after connection broken by 'SSLError(SSLError("bad handshake: Error([('SSL routines', 'tls_process_server_certificate', 'certificate verify failed')])"))': /chromium-browser-snapshots/Win_x64/588429/chrome-win32.zip
2020-06-06 16:21:59,697 - WARNING - Retrying (Retry(total=0, connect=None, read=None, redirect=None, status=None)) after connection broken by 'SSLError(SSLError("bad handshake: Error([('SSL routines', 'tls_process_server_certificate', 'certificate verify failed')])"))': /chromium-browser-snapshots/Win_x64/588429/chrome-win32.zip
2020-06-06 16:23:07,220 - WARNING - Retrying (Retry(total=2, connect=None, read=None, redirect=None, status=None)) after connection broken by 'SSLError(SSLError("bad handshake: Error([('SSL routines', 'tls_process_server_certificate', 'certificate verify failed')])"))': /chromium-browser-snapshots/Win_x64/588429/chrome-win32.zip
2020-06-06 16:23:07,281 - WARNING - Retrying (Retry(total=1, connect=None, read=None, redirect=None, status=None)) after connection broken by 'SSLError(SSLError("bad handshake: Error([('SSL routines', 'tls_process_server_certificate', 'certificate verify failed')])"))': /chromium-browser-snapshots/Win_x64/588429/chrome-win32.zip
2020-06-06 16:23:07,330 - WARNING - Retrying (Retry(total=0, connect=None, read=None, redirect=None, status=None)) after connection broken by 'SSLError(SSLError("bad handshake: Error([('SSL routines', 'tls_process_server_certificate', 'certificate verify failed')])"))': /chromium-browser-snapshots/Win_x64/588429/chrome-win32.zip
2020-06-06 16:23:39,300 - WARNING - Retrying (Retry(total=2, connect=None, read=None, redirect=None, status=None)) after connection broken by 'SSLError(SSLError("bad handshake: Error([('SSL routines', 'tls_process_server_certificate', 'certificate verify failed')])"))': /chromium-browser-snapshots/Win_x64/588429/chrome-win32.zip
2020-06-06 16:23:39,345 - WARNING - Retrying (Retry(total=1, connect=None, read=None, redirect=None, status=None)) after connection broken by 'SSLError(SSLError("bad handshake: Error([('SSL routines', 'tls_process_server_certificate', 'certificate verify failed')])"))': /chromium-browser-snapshots/Win_x64/588429/chrome-win32.zip
2020-06-06 16:23:39,393 - WARNING - Retrying (Retry(total=0, connect=None, read=None, redirect=None, status=None)) after connection broken by 'SSLError(SSLError("bad handshake: Error([('SSL routines', 'tls_process_server_certificate', 'certificate verify failed')])"))': /chromium-browser-snapshots/Win_x64/588429/chrome-win32.zip
2020-06-06 16:25:59,982 - WARNING - Retrying (Retry(total=2, connect=None, read=None, redirect=None, status=None)) after connection broken by 'SSLError(SSLError("bad handshake: Error([('SSL routines', 'tls_process_server_certificate', 'certificate verify failed')])"))': /chromium-browser-snapshots/Win_x64/588429/chrome-win32.zip
2020-06-06 16:26:00,031 - WARNING - Retrying (Retry(total=1, connect=None, read=None, redirect=None, status=None)) after connection broken by 'SSLError(SSLError("bad handshake: Error([('SSL routines', 'tls_process_server_certificate', 'certificate verify failed')])"))': /chromium-browser-snapshots/Win_x64/588429/chrome-win32.zip
2020-06-06 16:26:00,081 - WARNING - Retrying (Retry(total=0, connect=None, read=None, redirect=None, status=None)) after connection broken by 'SSLError(SSLError("bad handshake: Error([('SSL routines', 'tls_process_server_certificate', 'certificate verify failed')])"))': /chromium-browser-snapshots/Win_x64/588429/chrome-win32.zip
2020-06-06 16:27:24,741 - WARNING - Retrying (Retry(total=2, connect=None, read=None, redirect=None, status=None)) after connection broken by 'SSLError(SSLError("bad handshake: Error([('SSL routines', 'tls_process_server_certificate', 'certificate verify failed')])"))': /chromium-browser-snapshots/Win_x64/588429/chrome-win32.zip
2020-06-06 16:27:24,799 - WARNING - Retrying (Retry(total=1, connect=None, read=None, redirect=None, status=None)) after connection broken by 'SSLError(SSLError("bad handshake: Error([('SSL routines', 'tls_process_server_certificate', 'certificate verify failed')])"))': /chromium-browser-snapshots/Win_x64/588429/chrome-win32.zip
2020-06-06 16:27:25,114 - WARNING - Retrying (Retry(total=0, connect=None, read=None, redirect=None, status=None)) after connection broken by 'SSLError(SSLError("bad handshake: Error([('SSL routines', 'tls_process_server_certificate', 'certificate verify failed')])"))': /chromium-browser-snapshots/Win_x64/588429/chrome-win32.zip
2020-06-06 16:31:07,971 - WARNING - Retrying (Retry(total=2, connect=None, read=None, redirect=None, status=None)) after connection broken by 'SSLError(SSLError("bad handshake: Error([('SSL routines', 'tls_process_server_certificate', 'certificate verify failed')])"))': /chromium-browser-snapshots/Win_x64/588429/chrome-win32.zip
2020-06-06 16:31:08,018 - WARNING - Retrying (Retry(total=1, connect=None, read=None, redirect=None, status=None)) after connection broken by 'SSLError(SSLError("bad handshake: Error([('SSL routines', 'tls_process_server_certificate', 'certificate verify failed')])"))': /chromium-browser-snapshots/Win_x64/588429/chrome-win32.zip
2020-06-06 16:31:08,067 - WARNING - Retrying (Retry(total=0, connect=None, read=None, redirect=None, status=None)) after connection broken by 'SSLError(SSLError("bad handshake: Error([('SSL routines', 'tls_process_server_certificate', 'certificate verify failed')])"))': /chromium-browser-snapshots/Win_x64/588429/chrome-win32.zip
2020-06-06 16:32:05,785 - WARNING - Retrying (Retry(total=2, connect=None, read=None, redirect=None, status=None)) after connection broken by 'SSLError(SSLError("bad handshake: Error([('SSL routines', 'tls_process_server_certificate', 'certificate verify failed')])"))': /chromium-browser-snapshots/Win_x64/588429/chrome-win32.zip
2020-06-06 16:32:05,834 - WARNING - Retrying (Retry(total=1, connect=None, read=None, redirect=None, status=None)) after connection broken by 'SSLError(SSLError("bad handshake: Error([('SSL routines', 'tls_process_server_certificate', 'certificate verify failed')])"))': /chromium-browser-snapshots/Win_x64/588429/chrome-win32.zip
2020-06-06 16:32:05,886 - WARNING - Retrying (Retry(total=0, connect=None, read=None, redirect=None, status=None)) after connection broken by 'SSLError(SSLError("bad handshake: Error([('SSL routines', 'tls_process_server_certificate', 'certificate verify failed')])"))': /chromium-browser-snapshots/Win_x64/588429/chrome-win32.zip
2020-06-06 16:33:50,072 - WARNING - Retrying (Retry(total=2, connect=None, read=None, redirect=None, status=None)) after connection broken by 'SSLError(SSLError("bad handshake: Error([('SSL routines', 'tls_process_server_certificate', 'certificate verify failed')])"))': /chromium-browser-snapshots/Win_x64/588429/chrome-win32.zip
2020-06-06 16:33:50,119 - WARNING - Retrying (Retry(total=1, connect=None, read=None, redirect=None, status=None)) after connection broken by 'SSLError(SSLError("bad handshake: Error([('SSL routines', 'tls_process_server_certificate', 'certificate verify failed')])"))': /chromium-browser-snapshots/Win_x64/588429/chrome-win32.zip
2020-06-06 16:33:50,166 - WARNING - Retrying (Retry(total=0, connect=None, read=None, redirect=None, status=None)) after connection broken by 'SSLError(SSLError("bad handshake: Error([('SSL routines', 'tls_process_server_certificate', 'certificate verify failed')])"))': /chromium-browser-snapshots/Win_x64/588429/chrome-win32.zip
2020-06-06 16:33:50,212 - ERROR - error:HTTPSConnectionPool(host='storage.googleapis.com', port=443): Max retries exceeded with url: /chromium-browser-snapshots/Win_x64/588429/chrome-win32.zip (Caused by SSLError(SSLError("bad handshake: Error([('SSL routines', 'tls_process_server_certificate', 'certificate verify failed')])")))
2020-06-06 16:33:50,213 - INFO - 全部执行完成！
2020-06-06 16:34:14,182 - WARNING - Retrying (Retry(total=2, connect=None, read=None, redirect=None, status=None)) after connection broken by 'SSLError(SSLError("bad handshake: Error([('SSL routines', 'tls_process_server_certificate', 'certificate verify failed')])"))': /chromium-browser-snapshots/Win_x64/588429/chrome-win32.zip
2020-06-06 16:34:14,229 - WARNING - Retrying (Retry(total=1, connect=None, read=None, redirect=None, status=None)) after connection broken by 'SSLError(SSLError("bad handshake: Error([('SSL routines', 'tls_process_server_certificate', 'certificate verify failed')])"))': /chromium-browser-snapshots/Win_x64/588429/chrome-win32.zip
2020-06-06 16:34:14,276 - WARNING - Retrying (Retry(total=0, connect=None, read=None, redirect=None, status=None)) after connection broken by 'SSLError(SSLError("bad handshake: Error([('SSL routines', 'tls_process_server_certificate', 'certificate verify failed')])"))': /chromium-browser-snapshots/Win_x64/588429/chrome-win32.zip
2020-06-06 16:34:14,324 - ERROR - error:HTTPSConnectionPool(host='storage.googleapis.com', port=443): Max retries exceeded with url: /chromium-browser-snapshots/Win_x64/588429/chrome-win32.zip (Caused by SSLError(SSLError("bad handshake: Error([('SSL routines', 'tls_process_server_certificate', 'certificate verify failed')])")))
2020-06-06 16:34:14,325 - INFO - 全部执行完成！
2020-06-06 16:35:10,002 - WARNING - Retrying (Retry(total=2, connect=None, read=None, redirect=None, status=None)) after connection broken by 'SSLError(SSLError("bad handshake: Error([('SSL routines', 'tls_process_server_certificate', 'certificate verify failed')])"))': /chromium-browser-snapshots/Win_x64/588429/chrome-win32.zip
2020-06-06 16:35:10,051 - WARNING - Retrying (Retry(total=1, connect=None, read=None, redirect=None, status=None)) after connection broken by 'SSLError(SSLError("bad handshake: Error([('SSL routines', 'tls_process_server_certificate', 'certificate verify failed')])"))': /chromium-browser-snapshots/Win_x64/588429/chrome-win32.zip
2020-06-06 16:35:10,100 - WARNING - Retrying (Retry(total=0, connect=None, read=None, redirect=None, status=None)) after connection broken by 'SSLError(SSLError("bad handshake: Error([('SSL routines', 'tls_process_server_certificate', 'certificate verify failed')])"))': /chromium-browser-snapshots/Win_x64/588429/chrome-win32.zip
2020-06-06 16:35:10,151 - ERROR - error:HTTPSConnectionPool(host='storage.googleapis.com', port=443): Max retries exceeded with url: /chromium-browser-snapshots/Win_x64/588429/chrome-win32.zip (Caused by SSLError(SSLError("bad handshake: Error([('SSL routines', 'tls_process_server_certificate', 'certificate verify failed')])")))
2020-06-06 16:35:10,152 - INFO - 全部执行完成！
